#
# There is insufficient memory for the Java Runtime Environment to continue.
# Native memory allocation (mmap) failed to map 65536 bytes for Failed to commit area from 0x0000015a0f250000 to 0x0000015a0f260000 of length 65536.
# Possible reasons:
#   The system is out of physical RAM or swap space
#   The process is running with CompressedOops enabled, and the Java Heap may be blocking the growth of the native heap
# Possible solutions:
#   Reduce memory load on the system
#   Increase physical memory or swap space
#   Check if swap backing store is full
#   Decrease Java heap size (-Xmx/-Xms)
#   Decrease number of Java threads
#   Decrease Java thread stack sizes (-Xss)
#   Set larger code cache with -XX:ReservedCodeCacheSize=
# This output file may be truncated or incomplete.
#
#  Out of Memory Error (t:/workspace/open/src/hotspot/os/windows/os_windows.cpp:3275), pid=32088, tid=32136
#
# JRE version:  (11.0.4+10) (build )
# Java VM: Java HotSpot(TM) 64-Bit Server VM (11.0.4+10-LTS, mixed mode, aot, sharing, tiered, compressed oops, g1 gc, windows-amd64)
# No core dump will be written. Minidumps are not enabled by default on client versions of Windows
#

---------------  S U M M A R Y ------------

Command Line: -javaagent:D:\ProgramFiles\IntelliJ IDEA Community Edition 2019.2.3\lib\idea_rt.jar=53645:D:\ProgramFiles\IntelliJ IDEA Community Edition 2019.2.3\bin -Dfile.encoding=UTF-8 Duke

Host: Intel(R) Core(TM) i7-8550U CPU @ 1.80GHz, 8 cores, 15G,  Windows 10 , 64 bit Build 17134 (10.0.17134.753)
Time: Fri Nov  1 12:57:38 2019 Malay Peninsula Standard Time elapsed time: 0 seconds (0d 0h 0m 0s)

---------------  T H R E A D  ---------------

Current thread (0x0000015a70593000):  JavaThread "Unknown thread" [_thread_in_vm, id=32136, stack(0x000000100e200000,0x000000100e300000)]

Stack: [0x000000100e200000,0x000000100e300000]
Native frames: (J=compiled Java code, j=interpreted, Vv=VM code, C=native code)
V  [jvm.dll+0x635bda]
V  [jvm.dll+0x77360f]
V  [jvm.dll+0x774cba]
V  [jvm.dll+0x775373]
V  [jvm.dll+0x25e668]
V  [jvm.dll+0x63306a]
V  [jvm.dll+0x627ab5]
V  [jvm.dll+0x314f8c]
V  [jvm.dll+0x314e12]
V  [jvm.dll+0x31a78e]
V  [jvm.dll+0x366795]
V  [jvm.dll+0x366190]
V  [jvm.dll+0x2f1b18]
V  [jvm.dll+0x2f2c86]
V  [jvm.dll+0x74c777]
V  [jvm.dll+0x74debf]
V  [jvm.dll+0x3735a9]
V  [jvm.dll+0x732e09]
V  [jvm.dll+0x3e2c0d]
V  [jvm.dll+0x3e4ee1]
C  [java.exe+0x3607]
C  [java.exe+0x178dc]
C  [KERNEL32.DLL+0x14034]
C  [ntdll.dll+0x73691]


---------------  P R O C E S S  ---------------

Threads class SMR info:
_java_thread_list=0x0000015a6def7eb0, length=0, elements={
}

Java Threads: ( => current thread )

Other Threads:
  0x0000015a705ac000 GCTaskThread "GC Thread#0" [stack: 0x000000100e300000,0x000000100e400000] [id=21752]
  0x0000015a70609000 ConcurrentGCThread "G1 Main Marker" [stack: 0x000000100e400000,0x000000100e500000] [id=30040]
  0x0000015a7060b800 ConcurrentGCThread "G1 Conc#0" [stack: 0x000000100e500000,0x000000100e600000] [id=15456]

[error occurred during error reporting (printing all threads), id 0xc0000005, EXCEPTION_ACCESS_VIOLATION (0xc0000005) at pc=0x00007ffd9be503e7]

VM state:not at safepoint (not fully initialized)

VM Mutex/Monitor currently owned by a thread:  ([mutex/lock_event])
[0x0000015a705916f0] Heap_lock - owner thread: 0x0000015a70593000

Heap address: 0x0000000701a00000, size: 4070 MB, Compressed Oops mode: Non-zero based: 0x0000000701a00000
Narrow klass base: 0x0000000000000000, Narrow klass shift: 0

GC Heap History (0 events):
No events

Deoptimization events (0 events):
No events

Classes redefined (0 events):
No events

Internal exceptions (0 events):
No events

Events (0 events):
No events


Dynamic libraries:
0x00007ff6bf030000 - 0x00007ff6bf077000 	C:\Program Files\Java\jdk-11.0.4\bin\java.exe
0x00007ffe2d2d0000 - 0x00007ffe2d4b1000 	C:\WINDOWS\SYSTEM32\ntdll.dll
0x00007ffe2b7d0000 - 0x00007ffe2b881000 	C:\WINDOWS\System32\KERNEL32.DLL
0x00007ffe296a0000 - 0x00007ffe29913000 	C:\WINDOWS\System32\KERNELBASE.dll
0x00007ffe2d1f0000 - 0x00007ffe2d291000 	C:\WINDOWS\System32\ADVAPI32.dll
0x00007ffe2bb70000 - 0x00007ffe2bc0e000 	C:\WINDOWS\System32\msvcrt.dll
0x00007ffe2aea0000 - 0x00007ffe2aefb000 	C:\WINDOWS\System32\sechost.dll
0x00007ffe2acd0000 - 0x00007ffe2adf4000 	C:\WINDOWS\System32\RPCRT4.dll
0x00007ffe2b890000 - 0x00007ffe2ba20000 	C:\WINDOWS\System32\USER32.dll
0x00007ffe2a2f0000 - 0x00007ffe2a310000 	C:\WINDOWS\System32\win32u.dll
0x00007ffe2b7a0000 - 0x00007ffe2b7c8000 	C:\WINDOWS\System32\GDI32.dll
0x00007ffe2a150000 - 0x00007ffe2a2e1000 	C:\WINDOWS\System32\gdi32full.dll
0x00007ffe2a0b0000 - 0x00007ffe2a14f000 	C:\WINDOWS\System32\msvcp_win.dll
0x00007ffe2a660000 - 0x00007ffe2a758000 	C:\WINDOWS\System32\ucrtbase.dll
0x00007ffe21ad0000 - 0x00007ffe21ada000 	C:\WINDOWS\SYSTEM32\VERSION.dll
0x00007ffe28580000 - 0x00007ffe287e9000 	C:\WINDOWS\WinSxS\amd64_microsoft.windows.common-controls_6595b64144ccf1df_6.0.17134.885_none_fb42a3473065565f\COMCTL32.dll
0x00007ffe2a9a0000 - 0x00007ffe2acc2000 	C:\WINDOWS\System32\combase.dll
0x00007ffe2a030000 - 0x00007ffe2a0a9000 	C:\WINDOWS\System32\bcryptPrimitives.dll
0x00007ffe2ae00000 - 0x00007ffe2ae2d000 	C:\WINDOWS\System32\IMM32.DLL
0x00007ffdec750000 - 0x00007ffdec801000 	C:\Program Files\McAfee\Endpoint Security\Threat Prevention\Ips\EpMPApi.dll
0x00007ffe2a600000 - 0x00007ffe2a657000 	C:\WINDOWS\System32\WINTRUST.dll
0x00007ffe29680000 - 0x00007ffe29692000 	C:\WINDOWS\System32\MSASN1.dll
0x00007ffe2a310000 - 0x00007ffe2a4f2000 	C:\WINDOWS\System32\CRYPT32.dll
0x0000000056fa0000 - 0x0000000056fac000 	C:\Program Files\McAfee\Endpoint Security\Threat Prevention\Ips\EpMPThe.dll
0x00007ffdec5a0000 - 0x00007ffdec5d6000 	C:\Program Files\McAfee\Endpoint Security\Threat Prevention\Ips\HIPHandlers64.dll
0x00007ffe2b0c0000 - 0x00007ffe2b111000 	C:\WINDOWS\System32\SHLWAPI.dll
0x00007ffe23430000 - 0x00007ffe23446000 	C:\Program Files\Java\jdk-11.0.4\bin\vcruntime140.dll
0x00007ffdd0f80000 - 0x00007ffdd102a000 	C:\Program Files\Java\jdk-11.0.4\bin\msvcp140.dll
0x00007ffd9bb50000 - 0x00007ffd9c677000 	C:\Program Files\Java\jdk-11.0.4\bin\server\jvm.dll
0x00007ffe2a810000 - 0x00007ffe2a818000 	C:\WINDOWS\System32\PSAPI.DLL
0x00007ffe18650000 - 0x00007ffe18659000 	C:\WINDOWS\SYSTEM32\WSOCK32.dll
0x00007ffe1f7f0000 - 0x00007ffe1f813000 	C:\WINDOWS\SYSTEM32\WINMM.dll
0x00007ffe2b2e0000 - 0x00007ffe2b34c000 	C:\WINDOWS\System32\WS2_32.dll
0x00007ffe1f7c0000 - 0x00007ffe1f7ea000 	C:\WINDOWS\SYSTEM32\winmmbase.dll
0x00007ffe2a500000 - 0x00007ffe2a549000 	C:\WINDOWS\System32\cfgmgr32.dll
0x00007ffe295e0000 - 0x00007ffe295f1000 	C:\WINDOWS\System32\kernel.appcore.dll
0x00007ffe1f820000 - 0x00007ffe1f831000 	C:\Program Files\Java\jdk-11.0.4\bin\verify.dll
0x00007ffe27dc0000 - 0x00007ffe27f89000 	C:\WINDOWS\SYSTEM32\DBGHELP.DLL
0x00007ffe1e2f0000 - 0x00007ffe1e319000 	C:\WINDOWS\SYSTEM32\dbgcore.DLL
0x00007ffe11cc0000 - 0x00007ffe11ce9000 	C:\Program Files\Java\jdk-11.0.4\bin\java.dll
0x00007ffded8e0000 - 0x00007ffded90f000 	C:\Program Files\Java\jdk-11.0.4\bin\instrument.dll
0x00007ffdef8a0000 - 0x00007ffdef8b6000 	C:\Program Files\Java\jdk-11.0.4\bin\zip.dll
0x00007ffe15b10000 - 0x00007ffe15b1a000 	C:\Program Files\Java\jdk-11.0.4\bin\jimage.dll

dbghelp: loaded successfully - version: 4.0.5 - missing functions: none
symbol engine: initialized successfully - sym options: 0x614 - pdb path: .;C:\Program Files\Java\jdk-11.0.4\bin;C:\WINDOWS\SYSTEM32;C:\WINDOWS\WinSxS\amd64_microsoft.windows.common-controls_6595b64144ccf1df_6.0.17134.885_none_fb42a3473065565f;C:\Program Files\McAfee\Endpoint Security\Threat Prevention\Ips;C:\Program Files\Java\jdk-11.0.4\bin\server

VM Arguments:
jvm_args: -javaagent:D:\ProgramFiles\IntelliJ IDEA Community Edition 2019.2.3\lib\idea_rt.jar=53645:D:\ProgramFiles\IntelliJ IDEA Community Edition 2019.2.3\bin -Dfile.encoding=UTF-8 
java_command: Duke
java_class_path (initial): D:\NUS_STUFF\Java_Mod\duke\out\production\main
Launcher Type: SUN_STANDARD

[Global flags]
     intx CICompilerCount                          = 4                                         {product} {ergonomic}
     uint ConcGCThreads                            = 2                                         {product} {ergonomic}
     uint G1ConcRefinementThreads                  = 8                                         {product} {ergonomic}
   size_t G1HeapRegionSize                         = 1048576                                   {product} {ergonomic}
    uintx GCDrainStackTargetSize                   = 64                                        {product} {ergonomic}
   size_t InitialHeapSize                          = 268435456                                 {product} {ergonomic}
   size_t MarkStackSize                            = 4194304                                   {product} {ergonomic}
   size_t MaxHeapSize                              = 4267704320                                {product} {ergonomic}
   size_t MinHeapDeltaBytes                        = 1048576                                   {product} {ergonomic}
    uintx NonNMethodCodeHeapSize                   = 5835340                                {pd product} {ergonomic}
    uintx NonProfiledCodeHeapSize                  = 122911450                              {pd product} {ergonomic}
    uintx ProfiledCodeHeapSize                     = 122911450                              {pd product} {ergonomic}
    uintx ReservedCodeCacheSize                    = 251658240                              {pd product} {ergonomic}
     bool SegmentedCodeCache                       = true                                      {product} {ergonomic}
     bool UseCompressedClassPointers               = true                                 {lp64_product} {ergonomic}
     bool UseCompressedOops                        = true                                 {lp64_product} {ergonomic}
     bool UseG1GC                                  = true                                      {product} {ergonomic}
     bool UseLargePagesIndividualAllocation        = false                                  {pd product} {ergonomic}

Logging:
Log output configuration:
 #0: stdout all=warning uptime,level,tags
 #1: stderr all=off uptime,level,tags

Environment Variables:
JAVA_HOME=C:\Program Files\Java\jdk1.8.0_102
CLASSPATH=.;D:\PROGRA~1\IBM\SQLLIB\java\db2java.zip;D:\PROGRA~1\IBM\SQLLIB\java\db2jcc.jar;D:\PROGRA~1\IBM\SQLLIB\java\sqlj.zip;D:\PROGRA~1\IBM\SQLLIB\java\db2jcc_license_cu.jar;D:\PROGRA~1\IBM\SQLLIB\bin;D:\PROGRA~1\IBM\SQLLIB\java\common.jar
PATH=C:\Program Files\Java\jdk1.8.0_102\bin;D:\app\admin1\product\12.1.0\dbhome_1\bin;C:\Program Files (x86)\Intel\Intel(R) Management Engine Components\iCLS\;C:\Program Files\Intel\Intel(R) Management Engine Components\iCLS\;C:\Program Files (x86)\Common Files\Oracle\Java\javapath;C:\WINDOWS\system32;C:\WINDOWS;C:\WINDOWS\System32\Wbem;C:\WINDOWS\System32\WindowsPowerShell\v1.0\;C:\WINDOWS\System32\OpenSSH\;C:\Program Files (x86)\Intel\Intel(R) Management Engine Components\DAL;C:\Program Files\Intel\Intel(R) Management Engine Components\DAL;C:\Program Files (x86)\Intel\Intel(R) Management Engine Components\IPT;C:\Program Files\Intel\Intel(R) Management Engine Components\IPT;C:\Program Files\Intel\WiFi\bin\;C:\Program Files\Common Files\Intel\WirelessCommon\;C:\Program Files\PuTTY\;C:\Program Files\TortoiseGit\bin;C:\Program Files\Git\cmd;C:\Program Files\TortoiseSVN\bin;C:\Program Files\Microsoft SQL Server\130\Tools\Binn\;C:\Program Files\Microsoft SQL Server\Client SDK\ODBC\110\Tools\Binn\;C:\Program Files (x86)\Microsoft SQL Server\120\Tools\Binn\ManagementStudio\;C:\Program Files (x86)\Microsoft SQL Server\120\Tools\Binn\;C:\Program Files\Microsoft SQL Server\120\Tools\Binn\;C:\Program Files (x86)\Microsoft SQL Server\120\DTS\Binn\;C:\Program Files\Microsoft SQL Server\120\DTS\Binn\;C:\Program Files (x86)\Windows Kits\10\Windows Performance Toolkit\;C:\Program Files\ibm\gsk8\lib64;C:\Program Files (x86)\ibm\gsk8\lib;D:\PROGRA~1\IBM\SQLLIB\BIN;D:\PROGRA~1\IBM\SQLLIB\FUNCTION;D:\PROGRA~1\IBM\SQLLIB\SAMPLES\REPL;C:\nodejs\node-v8.9.1-win-x64;D:\ProgramFiles\nodejs\node_modules;D:\apache-ant-1.10.6\bin;D:\ProgramFiles\JetBrains\IntelliJ IDEA 2019.2\bin;;D:\ProgramFiles\Fiddler;C:\Users\p1324583\AppData\Roaming\npm;D:\ProgramFiles\IntelliJ IDEA Community Edition 2019.2.3\bin;
USERNAME=P1324583
OS=Windows_NT
PROCESSOR_IDENTIFIER=Intel64 Family 6 Model 142 Stepping 10, GenuineIntel



---------------  S Y S T E M  ---------------

OS: Windows 10 , 64 bit Build 17134 (10.0.17134.753)

CPU:total 8 (initial active 8) (4 cores per cpu, 2 threads per core) family 6 model 142 stepping 10, cmov, cx8, fxsr, mmx, sse, sse2, sse3, ssse3, sse4.1, sse4.2, popcnt, avx, avx2, aes, clmul, erms, 3dnowpref, lzcnt, ht, tsc, tscinvbit, bmi1, bmi2, adx, fma

Memory: 4k page, system-wide physical 16275M (534M free)
TotalPageFile size 31478M (AvailPageFile size 0M)
current process WorkingSet (physical memory assigned to process): 15M, peak: 15M
current process commit charge ("private bytes"): 324M, peak: 324M

vm_info: Java HotSpot(TM) 64-Bit Server VM (11.0.4+10-LTS) for windows-amd64 JRE (11.0.4+10-LTS), built on Jul  4 2019 16:28:13 by "mach5one" with MS VC++ 15.5 (VS2017)

END.
