#
# There is insufficient memory for the Java Runtime Environment to continue.
# Native memory allocation (mmap) failed to map 268435456 bytes for Failed to commit area from 0x0000000701a00000 to 0x0000000711a00000 of length 268435456.
# Possible reasons:
#   The system is out of physical RAM or swap space
#   The process is running with CompressedOops enabled, and the Java Heap may be blocking the growth of the native heap
# Possible solutions:
#   Reduce memory load on the system
#   Increase physical memory or swap space
#   Check if swap backing store is full
#   Decrease Java heap size (-Xmx/-Xms)
#   Decrease number of Java threads
#   Decrease Java thread stack sizes (-Xss)
#   Set larger code cache with -XX:ReservedCodeCacheSize=
# This output file may be truncated or incomplete.
#
#  Out of Memory Error (t:/workspace/open/src/hotspot/os/windows/os_windows.cpp:3275), pid=24052, tid=24240
#
# JRE version:  (11.0.4+10) (build )
# Java VM: Java HotSpot(TM) 64-Bit Server VM (11.0.4+10-LTS, mixed mode, aot, sharing, tiered, compressed oops, g1 gc, windows-amd64)
# No core dump will be written. Minidumps are not enabled by default on client versions of Windows
#

---------------  S U M M A R Y ------------

Command Line: -javaagent:D:\ProgramFiles\JetBrains\IntelliJ IDEA 2019.2\lib\idea_rt.jar=65011:D:\ProgramFiles\JetBrains\IntelliJ IDEA 2019.2\bin -Dfile.encoding=UTF-8 Duke

Host: Intel(R) Core(TM) i7-8550U CPU @ 1.80GHz, 8 cores, 15G,  Windows 10 , 64 bit Build 17134 (10.0.17134.753)
Time: Sun Sep 22 17:05:13 2019 Malay Peninsula Standard Time elapsed time: 0 seconds (0d 0h 0m 0s)

---------------  T H R E A D  ---------------

Current thread (0x000002a67cff2800):  JavaThread "Unknown thread" [_thread_in_vm, id=24240, stack(0x000000f369400000,0x000000f369500000)]

Stack: [0x000000f369400000,0x000000f369500000]
Native frames: (J=compiled Java code, j=interpreted, Vv=VM code, C=native code)
V  [jvm.dll+0x635bda]
V  [jvm.dll+0x77360f]
V  [jvm.dll+0x774cba]
V  [jvm.dll+0x775373]
V  [jvm.dll+0x25e668]
V  [jvm.dll+0x63306a]
V  [jvm.dll+0x627ab5]
V  [jvm.dll+0x314f8c]
V  [jvm.dll+0x314e12]
V  [jvm.dll+0x31a676]
V  [jvm.dll+0x36676f]
V  [jvm.dll+0x366190]
V  [jvm.dll+0x2f1b18]
V  [jvm.dll+0x2f2c86]
V  [jvm.dll+0x74c777]
V  [jvm.dll+0x74debf]
V  [jvm.dll+0x3735a9]
V  [jvm.dll+0x732e09]
V  [jvm.dll+0x3e2c0d]
V  [jvm.dll+0x3e4ee1]
C  [java.exe+0x3607]
C  [java.exe+0x178dc]
C  [KERNEL32.DLL+0x14034]
C  [ntdll.dll+0x73691]


---------------  P R O C E S S  ---------------

Threads class SMR info:
_java_thread_list=0x000002a67a9887c0, length=0, elements={
}

Java Threads: ( => current thread )

Other Threads:
  0x000002a67d00c000 GCTaskThread "GC Thread#0" [stack: 0x000000f369500000,0x000000f369600000] [id=3032]
  0x000002a67d068000 ConcurrentGCThread "G1 Main Marker" [stack: 0x000000f369600000,0x000000f369700000] [id=20560]
  0x000002a67d069800 ConcurrentGCThread "G1 Conc#0" [stack: 0x000000f369700000,0x000000f369800000] [id=30032]

[error occurred during error reporting (printing all threads), id 0xc0000005, EXCEPTION_ACCESS_VIOLATION (0xc0000005) at pc=0x00007ff89eac03e7]

VM state:not at safepoint (not fully initialized)

VM Mutex/Monitor currently owned by a thread:  ([mutex/lock_event])
[0x000002a67cff1da0] Heap_lock - owner thread: 0x000002a67cff2800

Heap address: 0x0000000701a00000, size: 4070 MB, Compressed Oops mode: Non-zero based: 0x0000000701a00000
Narrow klass base: 0x0000000000000000, Narrow klass shift: 0

GC Heap History (0 events):
No events

Deoptimization events (0 events):
No events

Classes redefined (0 events):
No events

Internal exceptions (0 events):
No events

Events (0 events):
No events


Dynamic libraries:
0x00007ff78d180000 - 0x00007ff78d1c7000 	C:\Program Files\Java\jdk-11.0.4\bin\java.exe
0x00007ff9248f0000 - 0x00007ff924ad1000 	C:\WINDOWS\SYSTEM32\ntdll.dll
0x00007ff923fe0000 - 0x00007ff924091000 	C:\WINDOWS\System32\KERNEL32.DLL
0x00007ff921b00000 - 0x00007ff921d73000 	C:\WINDOWS\System32\KERNELBASE.dll
0x00007ff921d90000 - 0x00007ff921e31000 	C:\WINDOWS\System32\ADVAPI32.dll
0x00007ff924730000 - 0x00007ff9247ce000 	C:\WINDOWS\System32\msvcrt.dll
0x00007ff924650000 - 0x00007ff9246ab000 	C:\WINDOWS\System32\sechost.dll
0x00007ff923d80000 - 0x00007ff923ea4000 	C:\WINDOWS\System32\RPCRT4.dll
0x00007ff924440000 - 0x00007ff9245d0000 	C:\WINDOWS\System32\USER32.dll
0x00007ff921890000 - 0x00007ff9218b0000 	C:\WINDOWS\System32\win32u.dll
0x00007ff923fb0000 - 0x00007ff923fd8000 	C:\WINDOWS\System32\GDI32.dll
0x00007ff9218b0000 - 0x00007ff921a41000 	C:\WINDOWS\System32\gdi32full.dll
0x00007ff9217a0000 - 0x00007ff92183f000 	C:\WINDOWS\System32\msvcp_win.dll
0x00007ff9216a0000 - 0x00007ff921798000 	C:\WINDOWS\System32\ucrtbase.dll
0x00007ff91fb40000 - 0x00007ff91fda9000 	C:\WINDOWS\WinSxS\amd64_microsoft.windows.common-controls_6595b64144ccf1df_6.0.17134.885_none_fb42a3473065565f\COMCTL32.dll
0x00007ff91d000000 - 0x00007ff91d00a000 	C:\WINDOWS\SYSTEM32\VERSION.dll
0x00007ff9240a0000 - 0x00007ff9243c2000 	C:\WINDOWS\System32\combase.dll
0x00007ff920cc0000 - 0x00007ff920d39000 	C:\WINDOWS\System32\bcryptPrimitives.dll
0x00007ff922710000 - 0x00007ff92273d000 	C:\WINDOWS\System32\IMM32.DLL
0x00007ff8e3990000 - 0x00007ff8e3a41000 	C:\Program Files\McAfee\Endpoint Security\Threat Prevention\Ips\EpMPApi.dll
0x00007ff920f30000 - 0x00007ff920f87000 	C:\WINDOWS\System32\WINTRUST.dll
0x00007ff920c00000 - 0x00007ff920c12000 	C:\WINDOWS\System32\MSASN1.dll
0x00007ff920d40000 - 0x00007ff920f22000 	C:\WINDOWS\System32\CRYPT32.dll
0x0000000061ec0000 - 0x0000000061ecc000 	C:\Program Files\McAfee\Endpoint Security\Threat Prevention\Ips\EpMPThe.dll
0x00007ff8ece50000 - 0x00007ff8ece6b000 	C:\Program Files\McAfee\Endpoint Security\Threat Prevention\Ips\HIPHandlers64.dll
0x00007ff9243d0000 - 0x00007ff924421000 	C:\WINDOWS\System32\SHLWAPI.dll
0x00007ff90b160000 - 0x00007ff90b176000 	C:\Program Files\Java\jdk-11.0.4\bin\vcruntime140.dll
0x00007ff8a3db0000 - 0x00007ff8a3e5a000 	C:\Program Files\Java\jdk-11.0.4\bin\msvcp140.dll
0x00007ff89e7c0000 - 0x00007ff89f2e7000 	C:\Program Files\Java\jdk-11.0.4\bin\server\jvm.dll
0x00007ff924640000 - 0x00007ff924648000 	C:\WINDOWS\System32\PSAPI.DLL
0x00007ff9167e0000 - 0x00007ff916803000 	C:\WINDOWS\SYSTEM32\WINMM.dll
0x00007ff913330000 - 0x00007ff913339000 	C:\WINDOWS\SYSTEM32\WSOCK32.dll
0x00007ff9245d0000 - 0x00007ff92463c000 	C:\WINDOWS\System32\WS2_32.dll
0x00007ff9167b0000 - 0x00007ff9167da000 	C:\WINDOWS\SYSTEM32\winmmbase.dll
0x00007ff921840000 - 0x00007ff921889000 	C:\WINDOWS\System32\cfgmgr32.dll
0x00007ff920ca0000 - 0x00007ff920cb1000 	C:\WINDOWS\System32\kernel.appcore.dll
0x00007ff90c420000 - 0x00007ff90c431000 	C:\Program Files\Java\jdk-11.0.4\bin\verify.dll
0x00007ff91aef0000 - 0x00007ff91b0b9000 	C:\WINDOWS\SYSTEM32\DBGHELP.DLL
0x00007ff8ed1e0000 - 0x00007ff8ed209000 	C:\WINDOWS\SYSTEM32\dbgcore.DLL
0x00007ff90b2f0000 - 0x00007ff90b319000 	C:\Program Files\Java\jdk-11.0.4\bin\java.dll
0x00007ff90d470000 - 0x00007ff90d49f000 	C:\Program Files\Java\jdk-11.0.4\bin\instrument.dll
0x00007ff90c400000 - 0x00007ff90c416000 	C:\Program Files\Java\jdk-11.0.4\bin\zip.dll
0x00007ff90d8e0000 - 0x00007ff90d8ea000 	C:\Program Files\Java\jdk-11.0.4\bin\jimage.dll

dbghelp: loaded successfully - version: 4.0.5 - missing functions: none
symbol engine: initialized successfully - sym options: 0x614 - pdb path: .;C:\Program Files\Java\jdk-11.0.4\bin;C:\WINDOWS\SYSTEM32;C:\WINDOWS\WinSxS\amd64_microsoft.windows.common-controls_6595b64144ccf1df_6.0.17134.885_none_fb42a3473065565f;C:\Program Files\McAfee\Endpoint Security\Threat Prevention\Ips;C:\Program Files\Java\jdk-11.0.4\bin\server

VM Arguments:
jvm_args: -javaagent:D:\ProgramFiles\JetBrains\IntelliJ IDEA 2019.2\lib\idea_rt.jar=65011:D:\ProgramFiles\JetBrains\IntelliJ IDEA 2019.2\bin -Dfile.encoding=UTF-8 
java_command: Duke
java_class_path (initial): D:\NUS_STUFF\Java_Mod\duke\out\production\main
Launcher Type: SUN_STANDARD

[Global flags]
     intx CICompilerCount                          = 4                                         {product} {ergonomic}
     uint ConcGCThreads                            = 2                                         {product} {ergonomic}
     uint G1ConcRefinementThreads                  = 8                                         {product} {ergonomic}
   size_t G1HeapRegionSize                         = 1048576                                   {product} {ergonomic}
    uintx GCDrainStackTargetSize                   = 64                                        {product} {ergonomic}
   size_t InitialHeapSize                          = 268435456                                 {product} {ergonomic}
   size_t MarkStackSize                            = 4194304                                   {product} {ergonomic}
   size_t MaxHeapSize                              = 4267704320                                {product} {ergonomic}
   size_t MinHeapDeltaBytes                        = 1048576                                   {product} {ergonomic}
    uintx NonNMethodCodeHeapSize                   = 5835340                                {pd product} {ergonomic}
    uintx NonProfiledCodeHeapSize                  = 122911450                              {pd product} {ergonomic}
    uintx ProfiledCodeHeapSize                     = 122911450                              {pd product} {ergonomic}
    uintx ReservedCodeCacheSize                    = 251658240                              {pd product} {ergonomic}
     bool SegmentedCodeCache                       = true                                      {product} {ergonomic}
     bool UseCompressedClassPointers               = true                                 {lp64_product} {ergonomic}
     bool UseCompressedOops                        = true                                 {lp64_product} {ergonomic}
     bool UseG1GC                                  = true                                      {product} {ergonomic}
     bool UseLargePagesIndividualAllocation        = false                                  {pd product} {ergonomic}

Logging:
Log output configuration:
 #0: stdout all=warning uptime,level,tags
 #1: stderr all=off uptime,level,tags

Environment Variables:
JAVA_HOME=C:\Program Files\Java\jdk-11.0.4
CLASSPATH=.;D:\PROGRA~1\IBM\SQLLIB\java\db2java.zip;D:\PROGRA~1\IBM\SQLLIB\java\db2jcc.jar;D:\PROGRA~1\IBM\SQLLIB\java\sqlj.zip;D:\PROGRA~1\IBM\SQLLIB\java\db2jcc_license_cu.jar;D:\PROGRA~1\IBM\SQLLIB\bin;D:\PROGRA~1\IBM\SQLLIB\java\common.jar
PATH=D:\ProgramFiles\JetBrains\IntelliJ IDEA 2019.2\jbr\\bin;D:\ProgramFiles\JetBrains\IntelliJ IDEA 2019.2\jbr\\bin\server;C:\Program Files\Java\jdk-11.0.4\bin;D:\app\admin1\product\12.1.0\dbhome_1\bin;C:\Program Files (x86)\Intel\Intel(R) Management Engine Components\iCLS\;C:\Program Files\Intel\Intel(R) Management Engine Components\iCLS\;C:\Program Files (x86)\Common Files\Oracle\Java\javapath;C:\WINDOWS\system32;C:\WINDOWS;C:\WINDOWS\System32\Wbem;C:\WINDOWS\System32\WindowsPowerShell\v1.0\;C:\WINDOWS\System32\OpenSSH\;C:\Program Files (x86)\Intel\Intel(R) Management Engine Components\DAL;C:\Program Files\Intel\Intel(R) Management Engine Components\DAL;C:\Program Files (x86)\Intel\Intel(R) Management Engine Components\IPT;C:\Program Files\Intel\Intel(R) Management Engine Components\IPT;C:\Program Files\Intel\WiFi\bin\;C:\Program Files\Common Files\Intel\WirelessCommon\;C:\Program Files\PuTTY\;C:\Program Files\TortoiseGit\bin;C:\Program Files\Git\cmd;C:\Program Files\TortoiseSVN\bin;C:\Program Files\Microsoft SQL Server\130\Tools\Binn\;C:\Program Files\Microsoft SQL Server\Client SDK\ODBC\110\Tools\Binn\;C:\Program Files (x86)\Microsoft SQL Server\120\Tools\Binn\ManagementStudio\;C:\Program Files (x86)\Microsoft SQL Server\120\Tools\Binn\;C:\Program Files\Microsoft SQL Server\120\Tools\Binn\;C:\Program Files (x86)\Microsoft SQL Server\120\DTS\Binn\;C:\Program Files\Microsoft SQL Server\120\DTS\Binn\;C:\Program Files (x86)\Windows Kits\10\Windows Performance Toolkit\;C:\Program Files\ibm\gsk8\lib64;C:\Program Files (x86)\ibm\gsk8\lib;C:\nodejs\node-v8.9.1-win-x64;D:\PROGRA~1\IBM\SQLLIB\BIN;D:\PROGRA~1\IBM\SQLLIB\FUNCTION;D:\PROGRA~1\IBM\SQLLIB\SAMPLES\REPL;D:\apache-ant-1.10.6\bin;D:\ProgramFiles\JetBrains\IntelliJ IDEA 2019.2\bin;;D:\ProgramFiles\Fiddler
USERNAME=P1324583
OS=Windows_NT
PROCESSOR_IDENTIFIER=Intel64 Family 6 Model 142 Stepping 10, GenuineIntel



---------------  S Y S T E M  ---------------

OS: Windows 10 , 64 bit Build 17134 (10.0.17134.753)

CPU:total 8 (initial active 8) (4 cores per cpu, 2 threads per core) family 6 model 142 stepping 10, cmov, cx8, fxsr, mmx, sse, sse2, sse3, ssse3, sse4.1, sse4.2, popcnt, avx, avx2, aes, clmul, erms, 3dnowpref, lzcnt, ht, tsc, tscinvbit, bmi1, bmi2, adx, fma

Memory: 4k page, system-wide physical 16275M (1088M free)
TotalPageFile size 31478M (AvailPageFile size 222M)
current process WorkingSet (physical memory assigned to process): 11M, peak: 11M
current process commit charge ("private bytes"): 62M, peak: 318M

vm_info: Java HotSpot(TM) 64-Bit Server VM (11.0.4+10-LTS) for windows-amd64 JRE (11.0.4+10-LTS), built on Jul  4 2019 16:28:13 by "mach5one" with MS VC++ 15.5 (VS2017)

END.
